<?xml version="1.0" encoding="UTF-8"?>
<!-- Generated by org.testng.reporters.JUnitReportReporter -->
<testsuite hostname="Vivek-PC" failures="0" tests="3" name="tests.Register" time="10.426" errors="0" timestamp="2024-09-04T15:53:32 IST" skipped="0">
  <testcase classname="tests.Register" name="registerWithAllfield" time="3.769"/>
  <testcase classname="tests.Register" name="registerWithMandatoryField" time="3.615"/>
  <testcase classname="tests.Register" name="registerWithoutEnteringAnyDetails" time="3.042"/>
</testsuite> <!-- tests.Register -->
