<?xml version="1.0" encoding="UTF-8"?>
<!-- Generated by org.testng.reporters.JUnitReportReporter -->
<testsuite hostname="Vivek-PC" failures="0" tests="5" name="tests.Login" time="22.475" errors="0" timestamp="2024-09-04T15:53:32 IST" skipped="0">
  <testcase classname="tests.Login" name="loginWithValidCredentials" time="6.569"/>
  <testcase classname="tests.Login" name="loginWithInvalidUsername" time="3.603"/>
  <testcase classname="tests.Login" name="loginWithInvalidPassword" time="4.670"/>
  <testcase classname="tests.Login" name="loginWithInvalidUsernamePassword" time="2.942"/>
  <testcase classname="tests.Login" name="loginWithBlankUsernamePassword" time="4.691"/>
</testsuite> <!-- tests.Login -->
