<?xml version="1.0" encoding="UTF-8"?>
<!-- Generated by org.testng.reporters.JUnitReportReporter -->
<testsuite hostname="Vivek-PC" failures="0" tests="3" name="tests.Search" time="8.766" errors="0" timestamp="2024-09-04T15:53:32 IST" skipped="0">
  <testcase classname="tests.Search" name="searchForValidProduct" time="2.626"/>
  <testcase classname="tests.Search" name="searchWithInvalidProduct" time="3.880"/>
  <testcase classname="tests.Search" name="searchWithNoProduct" time="2.260"/>
</testsuite> <!-- tests.Search -->
